  main.cpp
     Criando biblioteca C:\Users\Utilizador\source\repos\MySQLProject1\x64\Release\MySQLProject1.lib e objeto C:\Users\Utilizador\source\repos\MySQLProject1\x64\Release\MySQLProject1.exp
  Gerando código
  Previous IPDB not found, fall back to full compilation.
  All 132 functions were compiled because no usable IPDB/IOBJ from previous compilation was found.
  Finalizada a geração de código
mysqlcppconn-static.lib(mysql_driver.obj) : warning LNK4099: PDB 'jdbc.pdb' não foi encontrado 'mysqlcppconn-static.lib(mysql_driver.obj)' ou no 'C:\Users\Utilizador\source\repos\MySQLProject1\x64\Release\jdbc.pdb'; vinculando objeto quando quando sem nenhuma informação de depuração
mysqlcppconn-static.lib(mysql_connection.obj) : warning LNK4099: PDB 'jdbc.pdb' não foi encontrado 'mysqlcppconn-static.lib(mysql_connection.obj)' ou no 'C:\Users\Utilizador\source\repos\MySQLProject1\x64\Release\jdbc.pdb'; vinculando objeto quando quando sem nenhuma informação de depuração
mysqlcppconn-static.lib(mysql_native_driver_wrapper.obj) : warning LNK4099: PDB 'jdbc.pdb' não foi encontrado 'mysqlcppconn-static.lib(mysql_native_driver_wrapper.obj)' ou no 'C:\Users\Utilizador\source\repos\MySQLProject1\x64\Release\jdbc.pdb'; vinculando objeto quando quando sem nenhuma informação de depuração
mysqlcppconn-static.lib(mysql_uri.obj) : warning LNK4099: PDB 'jdbc.pdb' não foi encontrado 'mysqlcppconn-static.lib(mysql_uri.obj)' ou no 'C:\Users\Utilizador\source\repos\MySQLProject1\x64\Release\jdbc.pdb'; vinculando objeto quando quando sem nenhuma informação de depuração
mysqlcppconn-static.lib(mysql_metadata.obj) : warning LNK4099: PDB 'jdbc.pdb' não foi encontrado 'mysqlcppconn-static.lib(mysql_metadata.obj)' ou no 'C:\Users\Utilizador\source\repos\MySQLProject1\x64\Release\jdbc.pdb'; vinculando objeto quando quando sem nenhuma informação de depuração
mysqlcppconn-static.lib(mysql_warning.obj) : warning LNK4099: PDB 'jdbc.pdb' não foi encontrado 'mysqlcppconn-static.lib(mysql_warning.obj)' ou no 'C:\Users\Utilizador\source\repos\MySQLProject1\x64\Release\jdbc.pdb'; vinculando objeto quando quando sem nenhuma informação de depuração
mysqlcppconn-static.lib(mysql_prepared_statement.obj) : warning LNK4099: PDB 'jdbc.pdb' não foi encontrado 'mysqlcppconn-static.lib(mysql_prepared_statement.obj)' ou no 'C:\Users\Utilizador\source\repos\MySQLProject1\x64\Release\jdbc.pdb'; vinculando objeto quando quando sem nenhuma informação de depuração
mysqlcppconn-static.lib(mysql_statement.obj) : warning LNK4099: PDB 'jdbc.pdb' não foi encontrado 'mysqlcppconn-static.lib(mysql_statement.obj)' ou no 'C:\Users\Utilizador\source\repos\MySQLProject1\x64\Release\jdbc.pdb'; vinculando objeto quando quando sem nenhuma informação de depuração
mysqlcppconn-static.lib(mysql_debug.obj) : warning LNK4099: PDB 'jdbc.pdb' não foi encontrado 'mysqlcppconn-static.lib(mysql_debug.obj)' ou no 'C:\Users\Utilizador\source\repos\MySQLProject1\x64\Release\jdbc.pdb'; vinculando objeto quando quando sem nenhuma informação de depuração
mysqlcppconn-static.lib(mysql_client_api.obj) : warning LNK4099: PDB 'jdbc.pdb' não foi encontrado 'mysqlcppconn-static.lib(mysql_client_api.obj)' ou no 'C:\Users\Utilizador\source\repos\MySQLProject1\x64\Release\jdbc.pdb'; vinculando objeto quando quando sem nenhuma informação de depuração
mysqlcppconn-static.lib(mysql_native_connection_wrapper.obj) : warning LNK4099: PDB 'jdbc.pdb' não foi encontrado 'mysqlcppconn-static.lib(mysql_native_connection_wrapper.obj)' ou no 'C:\Users\Utilizador\source\repos\MySQLProject1\x64\Release\jdbc.pdb'; vinculando objeto quando quando sem nenhuma informação de depuração
mysqlcppconn-static.lib(mysql_util.obj) : warning LNK4099: PDB 'jdbc.pdb' não foi encontrado 'mysqlcppconn-static.lib(mysql_util.obj)' ou no 'C:\Users\Utilizador\source\repos\MySQLProject1\x64\Release\jdbc.pdb'; vinculando objeto quando quando sem nenhuma informação de depuração
mysqlcppconn-static.lib(mysql_art_resultset.obj) : warning LNK4099: PDB 'jdbc.pdb' não foi encontrado 'mysqlcppconn-static.lib(mysql_art_resultset.obj)' ou no 'C:\Users\Utilizador\source\repos\MySQLProject1\x64\Release\jdbc.pdb'; vinculando objeto quando quando sem nenhuma informação de depuração
mysqlcppconn-static.lib(mysql_resultbind.obj) : warning LNK4099: PDB 'jdbc.pdb' não foi encontrado 'mysqlcppconn-static.lib(mysql_resultbind.obj)' ou no 'C:\Users\Utilizador\source\repos\MySQLProject1\x64\Release\jdbc.pdb'; vinculando objeto quando quando sem nenhuma informação de depuração
mysqlcppconn-static.lib(mysql_ps_resultset.obj) : warning LNK4099: PDB 'jdbc.pdb' não foi encontrado 'mysqlcppconn-static.lib(mysql_ps_resultset.obj)' ou no 'C:\Users\Utilizador\source\repos\MySQLProject1\x64\Release\jdbc.pdb'; vinculando objeto quando quando sem nenhuma informação de depuração
mysqlcppconn-static.lib(mysql_ps_resultset_metadata.obj) : warning LNK4099: PDB 'jdbc.pdb' não foi encontrado 'mysqlcppconn-static.lib(mysql_ps_resultset_metadata.obj)' ou no 'C:\Users\Utilizador\source\repos\MySQLProject1\x64\Release\jdbc.pdb'; vinculando objeto quando quando sem nenhuma informação de depuração
mysqlcppconn-static.lib(mysql_parameter_metadata.obj) : warning LNK4099: PDB 'jdbc.pdb' não foi encontrado 'mysqlcppconn-static.lib(mysql_parameter_metadata.obj)' ou no 'C:\Users\Utilizador\source\repos\MySQLProject1\x64\Release\jdbc.pdb'; vinculando objeto quando quando sem nenhuma informação de depuração
mysqlcppconn-static.lib(mysql_resultset.obj) : warning LNK4099: PDB 'jdbc.pdb' não foi encontrado 'mysqlcppconn-static.lib(mysql_resultset.obj)' ou no 'C:\Users\Utilizador\source\repos\MySQLProject1\x64\Release\jdbc.pdb'; vinculando objeto quando quando sem nenhuma informação de depuração
mysqlcppconn-static.lib(mysql_native_resultset_wrapper.obj) : warning LNK4099: PDB 'jdbc.pdb' não foi encontrado 'mysqlcppconn-static.lib(mysql_native_resultset_wrapper.obj)' ou no 'C:\Users\Utilizador\source\repos\MySQLProject1\x64\Release\jdbc.pdb'; vinculando objeto quando quando sem nenhuma informação de depuração
mysqlcppconn-static.lib(mysql_native_statement_wrapper.obj) : warning LNK4099: PDB 'jdbc.pdb' não foi encontrado 'mysqlcppconn-static.lib(mysql_native_statement_wrapper.obj)' ou no 'C:\Users\Utilizador\source\repos\MySQLProject1\x64\Release\jdbc.pdb'; vinculando objeto quando quando sem nenhuma informação de depuração
mysqlcppconn-static.lib(mysql_art_rset_metadata.obj) : warning LNK4099: PDB 'jdbc.pdb' não foi encontrado 'mysqlcppconn-static.lib(mysql_art_rset_metadata.obj)' ou no 'C:\Users\Utilizador\source\repos\MySQLProject1\x64\Release\jdbc.pdb'; vinculando objeto quando quando sem nenhuma informação de depuração
mysqlcppconn-static.lib(mysql_resultset_metadata.obj) : warning LNK4099: PDB 'jdbc.pdb' não foi encontrado 'mysqlcppconn-static.lib(mysql_resultset_metadata.obj)' ou no 'C:\Users\Utilizador\source\repos\MySQLProject1\x64\Release\jdbc.pdb'; vinculando objeto quando quando sem nenhuma informação de depuração
  MySQLProject1.vcxproj -> C:\Users\Utilizador\source\repos\MySQLProject1\x64\Release\MySQLProject1.exe
